<?xml version="1.0" encoding="UTF-8"?>
<!-- Generated by org.testng.reporters.JUnitReportReporter -->
<testsuite hostname="DESKTOP-77S5D98" failures="0" tests="1" name="com.qa.test.GetAPITest" time="0.808" errors="0" timestamp="2024-01-25T09:55:18 EST" skipped="0">
  <testcase classname="com.qa.test.GetAPITest" name="getTest" time="0.808"/>
</testsuite> <!-- com.qa.test.GetAPITest -->
