<?xml version="1.0" encoding="UTF-8"?>
<!-- Generated by org.testng.reporters.JUnitReportReporter -->
<testsuite hostname="DESKTOP-77S5D98" failures="0" tests="3" name="tests.DifferentWaysPayLoad" time="4.645" errors="0" timestamp="2024-02-01T15:53:53 EST" skipped="1">
  <testcase classname="tests.DifferentWaysPayLoad" name="extrnalJsonFile" time="0.012"/>
  <testcase classname="tests.DifferentWaysPayLoad" name="testPostUsingPOJO" time="4.633"/>
  <testcase classname="tests.DifferentWaysPayLoad" name="testPostUsingJsonLibrary">
    <skipped/>
  </testcase> <!-- testPostUsingJsonLibrary -->
</testsuite> <!-- tests.DifferentWaysPayLoad -->
