<?xml version="1.0" encoding="UTF-8"?>
<!-- Generated by org.testng.reporters.JUnitReportReporter -->
<testsuite hostname="DESKTOP-77S5D98" failures="0" tests="2" name="tests.GetAndPostExamples" time="2.496" errors="0" timestamp="2024-01-26T20:35:24 EST" skipped="0">
  <testcase classname="tests.GetAndPostExamples" name="testPost" time="0.438"/>
  <testcase classname="tests.GetAndPostExamples" name="testGet" time="2.058"/>
</testsuite> <!-- tests.GetAndPostExamples -->
