<?xml version="1.0" encoding="UTF-8"?>
<!-- Generated by org.testng.reporters.JUnitReportReporter -->
<testsuite hostname="DESKTOP-77S5D98" failures="0" tests="1" name="tests.PathAndQueryParameters" time="3.703" errors="0" timestamp="2024-02-01T16:26:13 EST" skipped="0">
  <testcase classname="tests.PathAndQueryParameters" name="testQueryPara" time="3.703"/>
</testsuite> <!-- tests.PathAndQueryParameters -->
