<?xml version="1.0" encoding="UTF-8"?>
<!-- Generated by org.testng.reporters.JUnitReportReporter -->
<testsuite hostname="DESKTOP-77S5D98" failures="0" tests="2" name="tests.TestExamples" time="3.214" errors="0" timestamp="2024-01-25T23:51:34 EST" skipped="0">
  <testcase classname="tests.TestExamples" name="testTwo" time="0.785"/>
  <testcase classname="tests.TestExamples" name="testOne" time="2.429"/>
</testsuite> <!-- tests.TestExamples -->
