<?xml version="1.0" encoding="UTF-8"?>
<!-- Generated by org.testng.reporters.JUnitReportReporter -->
<testsuite hostname="DESKTOP-77S5D98" failures="0" tests="4" name="tests.AllHttpRequest" time="6.481" errors="0" timestamp="2024-01-27T01:03:49 EST" skipped="0">
  <testcase classname="tests.AllHttpRequest" name="getUser" time="4.706"/>
  <testcase classname="tests.AllHttpRequest" name="createUser" time="0.909"/>
  <testcase classname="tests.AllHttpRequest" name="updateUser" time="0.453"/>
  <testcase classname="tests.AllHttpRequest" name="deleteUser" time="0.413"/>
</testsuite> <!-- tests.AllHttpRequest -->
