<?xml version="1.0" encoding="UTF-8"?>
<!-- Generated by org.testng.reporters.JUnitReportReporter -->
<testsuite hostname="DESKTOP-77S5D98" failures="0" tests="1" name="com.parameters.ParameterTest" time="4.608" errors="0" timestamp="2024-01-17T20:31:36 EST" skipped="0">
  <testcase classname="com.parameters.ParameterTest" name="yahooLoginTest" time="4.608"/>
</testsuite> <!-- com.parameters.ParameterTest -->
