<?xml version="1.0" encoding="UTF-8"?>
<!-- Generated by org.testng.reporters.JUnitReportReporter -->
<testsuite hostname="DESKTOP-77S5D98" failures="0" tests="2" name="com.test.TestNGParallelTestingDemo" time="9.999" errors="0" timestamp="2024-01-20T17:14:43 EST" skipped="0">
  <testcase classname="com.test.TestNGParallelTestingDemo" name="test1" time="7.051"/>
  <testcase classname="com.test.TestNGParallelTestingDemo" name="test2" time="2.948"/>
</testsuite> <!-- com.test.TestNGParallelTestingDemo -->
