<?xml version="1.0" encoding="UTF-8"?>
<!-- Generated by org.testng.reporters.JUnitReportReporter -->
<testsuite hostname="DESKTOP-77S5D98" failures="0" tests="2" name="com.test.GoogleTitleTest" time="11.270" errors="0" timestamp="2024-01-17T17:16:36 EST" skipped="0">
  <testcase classname="com.test.GoogleTitleTest" name="googleTitleTest" time="4.575"/>
  <testcase classname="com.test.GoogleTitleTest" name="googleLogoTest" time="6.695"/>
</testsuite> <!-- com.test.GoogleTitleTest -->
