<?xml version="1.0" encoding="UTF-8"?>
<!-- Generated by org.testng.reporters.JUnitReportReporter -->
<testsuite hostname="DESKTOP-77S5D98" failures="0" tests="2" name="com.test.ExceptionTimeOutTest" time="2.037" errors="1" timestamp="2024-01-17T17:16:36 EST" skipped="0">
  <testcase classname="com.test.ExceptionTimeOutTest" name="test1" time="0.008"/>
  <testcase classname="com.test.ExceptionTimeOutTest" name="infinteLoopTest" time="2.029">
    <error message="Method com.test.ExceptionTimeOutTest.infinteLoopTest() didn&#039;t finish within the time-out 2000" type="org.testng.internal.thread.ThreadTimeoutException">
      <![CDATA[org.testng.internal.thread.ThreadTimeoutException: Method com.test.ExceptionTimeOutTest.infinteLoopTest() didn't finish within the time-out 2000
at java.base@17.0.4.1/java.io.FileOutputStream.writeBytes(Native Method)
at java.base@17.0.4.1/java.io.FileOutputStream.write(FileOutputStream.java:349)
at java.base@17.0.4.1/java.io.BufferedOutputStream.flushBuffer(BufferedOutputStream.java:81)
at java.base@17.0.4.1/java.io.BufferedOutputStream.flush(BufferedOutputStream.java:142)
at java.base@17.0.4.1/java.io.PrintStream.write(PrintStream.java:570)
at java.base@17.0.4.1/sun.nio.cs.StreamEncoder.writeBytes(StreamEncoder.java:234)
at java.base@17.0.4.1/sun.nio.cs.StreamEncoder.implFlushBuffer(StreamEncoder.java:313)
at java.base@17.0.4.1/sun.nio.cs.StreamEncoder.flushBuffer(StreamEncoder.java:111)
at java.base@17.0.4.1/java.io.OutputStreamWriter.flushBuffer(OutputStreamWriter.java:178)
at java.base@17.0.4.1/java.io.PrintStream.writeln(PrintStream.java:723)
at java.base@17.0.4.1/java.io.PrintStream.println(PrintStream.java:938)
at app//com.test.ExceptionTimeOutTest.infinteLoopTest(ExceptionTimeOutTest.java:16)
at java.base@17.0.4.1/jdk.internal.reflect.NativeMethodAccessorImpl.invoke0(Native Method)
at java.base@17.0.4.1/jdk.internal.reflect.NativeMethodAccessorImpl.invoke(NativeMethodAccessorImpl.java:77)
at java.base@17.0.4.1/jdk.internal.reflect.DelegatingMethodAccessorImpl.invoke(DelegatingMethodAccessorImpl.java:43)
at java.base@17.0.4.1/java.lang.reflect.Method.invoke(Method.java:568)
at app//org.testng.internal.invokers.MethodInvocationHelper.invokeMethod(MethodInvocationHelper.java:139)
at app//org.testng.internal.invokers.InvokeMethodRunnable.runOne(InvokeMethodRunnable.java:47)
at app//org.testng.internal.invokers.InvokeMethodRunnable.call(InvokeMethodRunnable.java:76)
at app//org.testng.internal.invokers.InvokeMethodRunnable.call(InvokeMethodRunnable.java:11)
at java.base@17.0.4.1/java.util.concurrent.FutureTask.run(FutureTask.java:264)
at java.base@17.0.4.1/java.util.concurrent.ThreadPoolExecutor.runWorker(ThreadPoolExecutor.java:1136)
at java.base@17.0.4.1/java.util.concurrent.ThreadPoolExecutor$Worker.run(ThreadPoolExecutor.java:635)
at java.base@17.0.4.1/java.lang.Thread.run(Thread.java:833)
]]>
    </error>
  </testcase> <!-- infinteLoopTest -->
</testsuite> <!-- com.test.ExceptionTimeOutTest -->
