<?xml version="1.0" encoding="UTF-8"?>
<!-- Generated by org.testng.reporters.JUnitReportReporter -->
<testsuite hostname="DESKTOP-77S5D98" failures="0" tests="1" name="com.test.Priority" time="7.189" errors="0" timestamp="2024-01-16T22:48:04 EST" skipped="0">
  <testcase classname="com.test.Priority" name="googleTitleTest" time="7.189"/>
</testsuite> <!-- com.test.Priority -->
