<?xml version="1.0" encoding="UTF-8"?>
<!-- Generated by org.testng.reporters.JUnitReportReporter -->
<testsuite hostname="DESKTOP-77S5D98" failures="0" tests="1" name="com.test.TestingBasics" time="0.008" errors="0" timestamp="2024-01-15T18:29:50 EST" skipped="0">
  <testcase classname="com.test.TestingBasics" name="googleTitleTest" time="0.008"/>
</testsuite> <!-- com.test.TestingBasics -->
